#
# A fatal error has been detected by the Java Runtime Environment:
#
#  EXCEPTION_ACCESS_VIOLATION (0xc0000005) at pc=0x00007ff980b75e3b, pid=15284, tid=16304
#
# JRE version: Java(TM) SE Runtime Environment 18.9 (11.0.8+10) (build 11.0.8+10-LTS)
# Java VM: Java HotSpot(TM) 64-Bit Server VM 18.9 (11.0.8+10-LTS, mixed mode, tiered, compressed oops, g1 gc, windows-amd64)
# Problematic frame:
# V  [jvm.dll+0x5b5e3b]
#
# No core dump will be written. Minidumps are not enabled by default on client versions of Windows
#
# If you would like to submit a bug report, please visit:
#   https://bugreport.java.com/bugreport/crash.jsp
#

---------------  S U M M A R Y ------------

Command Line: -Dfile.encoding=UTF-8 -agentpath:C:/Program Files/NetBeans-12.1/netbeans/profiler/lib/deployed/jdk16/windows-amd64/profilerinterface.dll=C:\Program Files\NetBeans-12.1\netbeans\profiler\lib,5140,10 -XX:+HeapDumpOnOutOfMemoryError -XX:HeapDumpPath=C:\Users\Kaz\Documents\NetBeansProjects\CasherSystem\nbproject\private\profiler cashersystem.LoginPage

Host: Intel(R) Core(TM) i7-4510U CPU @ 2.00GHz, 4 cores, 7G,  Windows 10 , 64 bit Build 19041 (10.0.19041.546)
Time: Thu Dec  3 11:13:04 2020 Sudan Standard Time elapsed time: 2 seconds (0d 0h 0m 2s)

---------------  T H R E A D  ---------------

Current thread (0x00000240528db000):  JavaThread "*** Profiler Agent Communication Thread" daemon [_thread_in_vm, id=16304, stack(0x000000d66be00000,0x000000d66bf00000)]

Stack: [0x000000d66be00000,0x000000d66bf00000],  sp=0x000000d66befeeb0,  free space=1019k
Native frames: (J=compiled Java code, j=interpreted, Vv=VM code, C=native code)
V  [jvm.dll+0x5b5e3b]
V  [jvm.dll+0x48ee20]
C  [profilerinterface.dll+0x34da]

Java frames: (J=compiled Java code, j=interpreted, Vv=VM code)
j  org.netbeans.lib.profiler.server.system.Stacks.getMethodNamesForJMethodIds(I[I[I)[B+0
j  org.netbeans.lib.profiler.server.ProfilerInterface.getMethodNamesForJMethodIds([I)Lorg/netbeans/lib/profiler/wireprotocol/MethodNamesResponse;+20
j  org.netbeans.lib.profiler.server.ProfilerServer.handleClientCommand(Lorg/netbeans/lib/profiler/wireprotocol/Command;)V+691
j  org.netbeans.lib.profiler.server.ProfilerServer.listenToClient()V+48
j  org.netbeans.lib.profiler.server.ProfilerServer.run()V+22
v  ~StubRoutines::call_stub

siginfo: EXCEPTION_ACCESS_VIOLATION (0xc0000005), reading address 0x0000000054ee9cd8


Register to memory mapping:

RIP=0x00007ff980b75e3b jvm.dll
RAX=0x000000d66befef01 is pointing into the stack for thread: 0x00000240528db000
RBX=0x000000d66befefd0 is pointing into the stack for thread: 0x00000240528db000
RCX=0x0000000054ee9cd8 is an unknown value
RDX=0x00000240528db000 is a thread
RSP=0x000000d66befeeb0 is pointing into the stack for thread: 0x00000240528db000
RBP=0x0000000054ee9cd8 is an unknown value
RSI=0x0000024031914dc0 points into unknown readable memory: f0 16 f8 80 f9 7f 00 00
RDI=0x00000240528db000 is a thread
R8 =0x000000d66befefd0 is pointing into the stack for thread: 0x00000240528db000
R9 =0x0000000000000022 is an unknown value
R10=0x0 is NULL
R11=0x000000d66befeea8 is pointing into the stack for thread: 0x00000240528db000
R12=0x0000024055b2f760 points into unknown readable memory: d8 9c ee 54 b8 06 77 53
R13=0x00000000000001f8 is an unknown value
R14=0x00007ff9c0569c68 profilerinterface.dll
R15=0x00007ff9c0569a60 profilerinterface.dll


Registers:
RAX=0x000000d66befef01, RBX=0x000000d66befefd0, RCX=0x0000000054ee9cd8, RDX=0x00000240528db000
RSP=0x000000d66befeeb0, RBP=0x0000000054ee9cd8, RSI=0x0000024031914dc0, RDI=0x00000240528db000
R8 =0x000000d66befefd0, R9 =0x0000000000000022, R10=0x0000000000000000, R11=0x000000d66befeea8
R12=0x0000024055b2f760, R13=0x00000000000001f8, R14=0x00007ff9c0569c68, R15=0x00007ff9c0569a60
RIP=0x00007ff980b75e3b, EFLAGS=0x0000000000010206

Top of Stack: (sp=0x000000d66befeeb0)
0x000000d66befeeb0:   00000240528db000 00007ff98095f54d
0x000000d66befeec0:   00000240528db000 000000d66beff088
0x000000d66befeed0:   000000d66befefd0 00007ff980a4ee20
0x000000d66befeee0:   000000d66befefd0 000000d66befefd0
0x000000d66befeef0:   00000240528db340 00007ff9c6c29d40
0x000000d66befef00:   00000240528db000 0000000000000000
0x000000d66befef10:   0000024000000000 0000000000000000
0x000000d66befef20:   0000000000000000 00007ff9c05634da
0x000000d66befef30:   00000240528db000 0000000054ee9cd8
0x000000d66befef40:   0000000000000000 00000240528db340
0x000000d66befef50:   0000024055b2f760 00000240528db000
0x000000d66befef60:   0000000000000000 000002403b5bc52b
0x000000d66befef70:   0000024053bf96d8 00000240528db000
0x000000d66befef80:   000002403b579840 0000000000000000
0x000000d66befef90:   00000240528db000 0000024053bf96d8
0x000000d66befefa0:   0000000000000000 000002403b579840 

Instructions: (pc=0x00007ff980b75e3b)
0x00007ff980b75e1b:   24 fe 0f 94 c0 c3 cc cc cc cc cc cc cc cc cc cc
0x00007ff980b75e2b:   cc cc cc cc cc 40 53 48 83 ec 20 48 85 c9 74 24
0x00007ff980b75e3b:   48 8b 19 48 85 db 74 1c 48 83 fb 37 74 16 48 8b
0x00007ff980b75e4b:   13 48 8b cb ff 52 10 84 c0 74 09 48 8b c3 48 83 


Stack slot to memory mapping:
stack at sp + 0 slots: 0x00000240528db000 is a thread
stack at sp + 1 slots: 0x00007ff98095f54d jvm.dll
stack at sp + 2 slots: 0x00000240528db000 is a thread
stack at sp + 3 slots: 0x000000d66beff088 is pointing into the stack for thread: 0x00000240528db000
stack at sp + 4 slots: 0x000000d66befefd0 is pointing into the stack for thread: 0x00000240528db000
stack at sp + 5 slots: 0x00007ff980a4ee20 jvm.dll
stack at sp + 6 slots: 0x000000d66befefd0 is pointing into the stack for thread: 0x00000240528db000
stack at sp + 7 slots: 0x000000d66befefd0 is pointing into the stack for thread: 0x00000240528db000


---------------  P R O C E S S  ---------------

Threads class SMR info:
_java_thread_list=0x0000024054c65ea0, length=20, elements={
0x0000024051d51000, 0x0000024051d5a800, 0x00000240526f2800, 0x0000024051d67800,
0x0000024051d6b800, 0x0000024051d74000, 0x0000024051d77000, 0x0000024052840800,
0x00000240528db000, 0x00000240529c3000, 0x00000240529c9800, 0x000002405363a800,
0x000002405358e800, 0x0000024053643000, 0x000002405376c000, 0x00000240537b4800,
0x0000024053a16000, 0x0000024053b1e000, 0x0000024031977800, 0x00000240548bb000
}

Java Threads: ( => current thread )
  0x0000024051d51000 JavaThread "Reference Handler" daemon [_thread_blocked, id=14892, stack(0x000000d66b600000,0x000000d66b700000)]
  0x0000024051d5a800 JavaThread "Finalizer" daemon [_thread_blocked, id=14876, stack(0x000000d66b700000,0x000000d66b800000)]
  0x00000240526f2800 JavaThread "Signal Dispatcher" daemon [_thread_blocked, id=14872, stack(0x000000d66b800000,0x000000d66b900000)]
  0x0000024051d67800 JavaThread "Attach Listener" daemon [_thread_blocked, id=15600, stack(0x000000d66b900000,0x000000d66ba00000)]
  0x0000024051d6b800 JavaThread "C2 CompilerThread0" daemon [_thread_blocked, id=14824, stack(0x000000d66ba00000,0x000000d66bb00000)]
  0x0000024051d74000 JavaThread "C1 CompilerThread0" daemon [_thread_blocked, id=15260, stack(0x000000d66bb00000,0x000000d66bc00000)]
  0x0000024051d77000 JavaThread "Sweeper thread" daemon [_thread_blocked, id=15148, stack(0x000000d66bc00000,0x000000d66bd00000)]
  0x0000024052840800 JavaThread "Common-Cleaner" daemon [_thread_blocked, id=15944, stack(0x000000d66bd00000,0x000000d66be00000)]
=>0x00000240528db000 JavaThread "*** Profiler Agent Communication Thread" daemon [_thread_in_vm, id=16304, stack(0x000000d66be00000,0x000000d66bf00000)]
  0x00000240529c3000 JavaThread "*** JFluid Monitor thread ***" daemon [_thread_blocked, id=15448, stack(0x000000d66bf00000,0x000000d66c000000)]
  0x00000240529c9800 JavaThread "*** Profiler Agent Special Execution Thread 6" daemon [_thread_blocked, id=13484, stack(0x000000d66c000000,0x000000d66c100000)]
  0x000002405363a800 JavaThread "*** Profiler Agent Special Execution Thread 10" daemon [_thread_blocked, id=13912, stack(0x000000d66c200000,0x000000d66c300000)]
  0x000002405358e800 JavaThread "Service Thread" daemon [_thread_blocked, id=12432, stack(0x000000d66c100000,0x000000d66c200000)]
  0x0000024053643000 JavaThread "C2 CompilerThread1" daemon [_thread_blocked, id=15208, stack(0x000000d66c400000,0x000000d66c500000)]
  0x000002405376c000 JavaThread "Java2D Disposer" daemon [_thread_blocked, id=15048, stack(0x000000d66c500000,0x000000d66c600000)]
  0x00000240537b4800 JavaThread "AWT-Shutdown" [_thread_blocked, id=13608, stack(0x000000d66c600000,0x000000d66c700000)]
  0x0000024053a16000 JavaThread "AWT-Windows" daemon [_thread_blocked, id=504, stack(0x000000d66c700000,0x000000d66c800000)]
  0x0000024053b1e000 JavaThread "AWT-EventQueue-0" [_thread_blocked, id=4788, stack(0x000000d66c800000,0x000000d66c900000)]
  0x0000024031977800 JavaThread "DestroyJavaVM" [_thread_blocked, id=15336, stack(0x000000d66af00000,0x000000d66b000000)]
  0x00000240548bb000 JavaThread "Image Fetcher 0" daemon [_thread_blocked, id=16128, stack(0x000000d66c900000,0x000000d66ca00000)]

Other Threads:
  0x0000024051d2a000 VMThread "VM Thread" [stack: 0x000000d66b500000,0x000000d66b600000] [id=15948]
  0x000002405363b800 WatcherThread [stack: 0x000000d66c300000,0x000000d66c400000] [id=15300]
  0x000002403198b800 GCTaskThread "GC Thread#0" [stack: 0x000000d66b000000,0x000000d66b100000] [id=15916]
  0x0000024053ab5000 GCTaskThread "GC Thread#1" [stack: 0x000000d66ca00000,0x000000d66cb00000] [id=12336]
  0x0000024053ab5800 GCTaskThread "GC Thread#2" [stack: 0x000000d66cb00000,0x000000d66cc00000] [id=13856]
  0x0000024053a04000 GCTaskThread "GC Thread#3" [stack: 0x000000d66cc00000,0x000000d66cd00000] [id=15644]
  0x00000240319bd000 ConcurrentGCThread "G1 Main Marker" [stack: 0x000000d66b100000,0x000000d66b200000] [id=14520]
  0x00000240319be000 ConcurrentGCThread "G1 Conc#0" [stack: 0x000000d66b200000,0x000000d66b300000] [id=15888]
  0x0000024031a4f800 ConcurrentGCThread "G1 Refine#0" [stack: 0x000000d66b300000,0x000000d66b400000] [id=15884]
  0x0000024052945800 ConcurrentGCThread "G1 Refine#1" [stack: 0x000000d66cd00000,0x000000d66ce00000] [id=15528]
  0x0000024031a51800 ConcurrentGCThread "G1 Young RemSet Sampling" [stack: 0x000000d66b400000,0x000000d66b500000] [id=15792]

Threads with active compile tasks:

VM state:synchronizing (normal execution)

VM Mutex/Monitor currently owned by a thread:  ([mutex/lock_event])
[0x0000024031974c50] Threads_lock - owner thread: 0x0000024051d2a000

Heap address: 0x0000000081000000, size: 2032 MB, Compressed Oops mode: 32-bit
Narrow klass base: 0x0000000000000000, Narrow klass shift: 3
Compressed class space size: 1073741824 Address: 0x0000000100000000

Heap:
 garbage-first heap   total 131072K, used 10374K [0x0000000081000000, 0x0000000100000000)
  region size 1024K, 6 young (6144K), 3 survivors (3072K)
 Metaspace       used 22325K, capacity 22822K, committed 23040K, reserved 1069056K
  class space    used 2460K, capacity 2702K, committed 2816K, reserved 1048576K
Heap Regions: E=young(eden), S=young(survivor), O=old, HS=humongous(starts), HC=humongous(continues), CS=collection set, F=free, A=archive, TAMS=top-at-mark-start (previous, next)
|   0|0x0000000081000000, 0x0000000081100000, 0x0000000081100000|100%|HS|  |TAMS 0x0000000081100000, 0x0000000081000000| Complete 
|   1|0x0000000081100000, 0x0000000081200000, 0x0000000081200000|100%|HC|  |TAMS 0x0000000081200000, 0x0000000081100000| Complete 
|   2|0x0000000081200000, 0x0000000081300000, 0x0000000081300000|100%| O|  |TAMS 0x0000000081300000, 0x0000000081200000| Untracked 
|   3|0x0000000081300000, 0x000000008139ba00, 0x0000000081400000| 60%| O|  |TAMS 0x000000008139ba00, 0x0000000081300000| Untracked 
|   4|0x0000000081400000, 0x0000000081500000, 0x0000000081500000|100%|HS|  |TAMS 0x0000000081400000, 0x0000000081400000| Complete 
|   5|0x0000000081500000, 0x0000000081600000, 0x0000000081600000|100%|HC|  |TAMS 0x0000000081500000, 0x0000000081500000| Complete 
|   6|0x0000000081600000, 0x0000000081700000, 0x0000000081700000|100%|HC|  |TAMS 0x0000000081600000, 0x0000000081600000| Complete 
|   7|0x0000000081700000, 0x0000000081700000, 0x0000000081800000|  0%| F|  |TAMS 0x0000000081700000, 0x0000000081700000| Untracked 
|   8|0x0000000081800000, 0x0000000081800000, 0x0000000081900000|  0%| F|  |TAMS 0x0000000081800000, 0x0000000081800000| Untracked 
|   9|0x0000000081900000, 0x0000000081900000, 0x0000000081a00000|  0%| F|  |TAMS 0x0000000081900000, 0x0000000081900000| Untracked 
|  10|0x0000000081a00000, 0x0000000081a00000, 0x0000000081b00000|  0%| F|  |TAMS 0x0000000081a00000, 0x0000000081a00000| Untracked 
|  11|0x0000000081b00000, 0x0000000081b00000, 0x0000000081c00000|  0%| F|  |TAMS 0x0000000081b00000, 0x0000000081b00000| Untracked 
|  12|0x0000000081c00000, 0x0000000081c00000, 0x0000000081d00000|  0%| F|  |TAMS 0x0000000081c00000, 0x0000000081c00000| Untracked 
|  13|0x0000000081d00000, 0x0000000081d00000, 0x0000000081e00000|  0%| F|  |TAMS 0x0000000081d00000, 0x0000000081d00000| Untracked 
|  14|0x0000000081e00000, 0x0000000081e00000, 0x0000000081f00000|  0%| F|  |TAMS 0x0000000081e00000, 0x0000000081e00000| Untracked 
|  15|0x0000000081f00000, 0x0000000081f00000, 0x0000000082000000|  0%| F|  |TAMS 0x0000000081f00000, 0x0000000081f00000| Untracked 
|  16|0x0000000082000000, 0x0000000082000000, 0x0000000082100000|  0%| F|  |TAMS 0x0000000082000000, 0x0000000082000000| Untracked 
|  17|0x0000000082100000, 0x0000000082100000, 0x0000000082200000|  0%| F|  |TAMS 0x0000000082100000, 0x0000000082100000| Untracked 
|  18|0x0000000082200000, 0x0000000082200000, 0x0000000082300000|  0%| F|  |TAMS 0x0000000082200000, 0x0000000082200000| Untracked 
|  19|0x0000000082300000, 0x0000000082300000, 0x0000000082400000|  0%| F|  |TAMS 0x0000000082300000, 0x0000000082300000| Untracked 
|  20|0x0000000082400000, 0x0000000082400000, 0x0000000082500000|  0%| F|  |TAMS 0x0000000082400000, 0x0000000082400000| Untracked 
|  21|0x0000000082500000, 0x0000000082500000, 0x0000000082600000|  0%| F|  |TAMS 0x0000000082500000, 0x0000000082500000| Untracked 
|  22|0x0000000082600000, 0x0000000082600000, 0x0000000082700000|  0%| F|  |TAMS 0x0000000082600000, 0x0000000082600000| Untracked 
|  23|0x0000000082700000, 0x0000000082700000, 0x0000000082800000|  0%| F|  |TAMS 0x0000000082700000, 0x0000000082700000| Untracked 
|  24|0x0000000082800000, 0x0000000082800000, 0x0000000082900000|  0%| F|  |TAMS 0x0000000082800000, 0x0000000082800000| Untracked 
|  25|0x0000000082900000, 0x0000000082900000, 0x0000000082a00000|  0%| F|  |TAMS 0x0000000082900000, 0x0000000082900000| Untracked 
|  26|0x0000000082a00000, 0x0000000082a00000, 0x0000000082b00000|  0%| F|  |TAMS 0x0000000082a00000, 0x0000000082a00000| Untracked 
|  27|0x0000000082b00000, 0x0000000082b00000, 0x0000000082c00000|  0%| F|  |TAMS 0x0000000082b00000, 0x0000000082b00000| Untracked 
|  28|0x0000000082c00000, 0x0000000082c00000, 0x0000000082d00000|  0%| F|  |TAMS 0x0000000082c00000, 0x0000000082c00000| Untracked 
|  29|0x0000000082d00000, 0x0000000082d00000, 0x0000000082e00000|  0%| F|  |TAMS 0x0000000082d00000, 0x0000000082d00000| Untracked 
|  30|0x0000000082e00000, 0x0000000082e00000, 0x0000000082f00000|  0%| F|  |TAMS 0x0000000082e00000, 0x0000000082e00000| Untracked 
|  31|0x0000000082f00000, 0x0000000082f00000, 0x0000000083000000|  0%| F|  |TAMS 0x0000000082f00000, 0x0000000082f00000| Untracked 
|  32|0x0000000083000000, 0x0000000083000000, 0x0000000083100000|  0%| F|  |TAMS 0x0000000083000000, 0x0000000083000000| Untracked 
|  33|0x0000000083100000, 0x0000000083100000, 0x0000000083200000|  0%| F|  |TAMS 0x0000000083100000, 0x0000000083100000| Untracked 
|  34|0x0000000083200000, 0x0000000083200000, 0x0000000083300000|  0%| F|  |TAMS 0x0000000083200000, 0x0000000083200000| Untracked 
|  35|0x0000000083300000, 0x0000000083300000, 0x0000000083400000|  0%| F|  |TAMS 0x0000000083300000, 0x0000000083300000| Untracked 
|  36|0x0000000083400000, 0x0000000083400000, 0x0000000083500000|  0%| F|  |TAMS 0x0000000083400000, 0x0000000083400000| Untracked 
|  37|0x0000000083500000, 0x0000000083500000, 0x0000000083600000|  0%| F|  |TAMS 0x0000000083500000, 0x0000000083500000| Untracked 
|  38|0x0000000083600000, 0x0000000083600000, 0x0000000083700000|  0%| F|  |TAMS 0x0000000083600000, 0x0000000083600000| Untracked 
|  39|0x0000000083700000, 0x0000000083700000, 0x0000000083800000|  0%| F|  |TAMS 0x0000000083700000, 0x0000000083700000| Untracked 
|  40|0x0000000083800000, 0x0000000083800000, 0x0000000083900000|  0%| F|  |TAMS 0x0000000083800000, 0x0000000083800000| Untracked 
|  41|0x0000000083900000, 0x0000000083900000, 0x0000000083a00000|  0%| F|  |TAMS 0x0000000083900000, 0x0000000083900000| Untracked 
|  42|0x0000000083a00000, 0x0000000083a00000, 0x0000000083b00000|  0%| F|  |TAMS 0x0000000083a00000, 0x0000000083a00000| Untracked 
|  43|0x0000000083b00000, 0x0000000083b00000, 0x0000000083c00000|  0%| F|  |TAMS 0x0000000083b00000, 0x0000000083b00000| Untracked 
|  44|0x0000000083c00000, 0x0000000083c00000, 0x0000000083d00000|  0%| F|  |TAMS 0x0000000083c00000, 0x0000000083c00000| Untracked 
|  45|0x0000000083d00000, 0x0000000083d00000, 0x0000000083e00000|  0%| F|  |TAMS 0x0000000083d00000, 0x0000000083d00000| Untracked 
|  46|0x0000000083e00000, 0x0000000083e00000, 0x0000000083f00000|  0%| F|  |TAMS 0x0000000083e00000, 0x0000000083e00000| Untracked 
|  47|0x0000000083f00000, 0x0000000083f00000, 0x0000000084000000|  0%| F|  |TAMS 0x0000000083f00000, 0x0000000083f00000| Untracked 
|  48|0x0000000084000000, 0x0000000084000000, 0x0000000084100000|  0%| F|  |TAMS 0x0000000084000000, 0x0000000084000000| Untracked 
|  49|0x0000000084100000, 0x0000000084100000, 0x0000000084200000|  0%| F|  |TAMS 0x0000000084100000, 0x0000000084100000| Untracked 
|  50|0x0000000084200000, 0x0000000084200000, 0x0000000084300000|  0%| F|  |TAMS 0x0000000084200000, 0x0000000084200000| Untracked 
|  51|0x0000000084300000, 0x0000000084300000, 0x0000000084400000|  0%| F|  |TAMS 0x0000000084300000, 0x0000000084300000| Untracked 
|  52|0x0000000084400000, 0x0000000084400000, 0x0000000084500000|  0%| F|  |TAMS 0x0000000084400000, 0x0000000084400000| Untracked 
|  53|0x0000000084500000, 0x0000000084500000, 0x0000000084600000|  0%| F|  |TAMS 0x0000000084500000, 0x0000000084500000| Untracked 
|  54|0x0000000084600000, 0x0000000084600000, 0x0000000084700000|  0%| F|  |TAMS 0x0000000084600000, 0x0000000084600000| Untracked 
|  55|0x0000000084700000, 0x0000000084700000, 0x0000000084800000|  0%| F|  |TAMS 0x0000000084700000, 0x0000000084700000| Untracked 
|  56|0x0000000084800000, 0x0000000084800000, 0x0000000084900000|  0%| F|  |TAMS 0x0000000084800000, 0x0000000084800000| Untracked 
|  57|0x0000000084900000, 0x0000000084900000, 0x0000000084a00000|  0%| F|  |TAMS 0x0000000084900000, 0x0000000084900000| Untracked 
|  58|0x0000000084a00000, 0x0000000084a00000, 0x0000000084b00000|  0%| F|  |TAMS 0x0000000084a00000, 0x0000000084a00000| Untracked 
|  59|0x0000000084b00000, 0x0000000084b00000, 0x0000000084c00000|  0%| F|  |TAMS 0x0000000084b00000, 0x0000000084b00000| Untracked 
|  60|0x0000000084c00000, 0x0000000084c00000, 0x0000000084d00000|  0%| F|  |TAMS 0x0000000084c00000, 0x0000000084c00000| Untracked 
|  61|0x0000000084d00000, 0x0000000084d00000, 0x0000000084e00000|  0%| F|  |TAMS 0x0000000084d00000, 0x0000000084d00000| Untracked 
|  62|0x0000000084e00000, 0x0000000084e00000, 0x0000000084f00000|  0%| F|  |TAMS 0x0000000084e00000, 0x0000000084e00000| Untracked 
|  63|0x0000000084f00000, 0x0000000084f00000, 0x0000000085000000|  0%| F|  |TAMS 0x0000000084f00000, 0x0000000084f00000| Untracked 
|  64|0x0000000085000000, 0x0000000085000000, 0x0000000085100000|  0%| F|  |TAMS 0x0000000085000000, 0x0000000085000000| Untracked 
|  65|0x0000000085100000, 0x0000000085100000, 0x0000000085200000|  0%| F|  |TAMS 0x0000000085100000, 0x0000000085100000| Untracked 
|  66|0x0000000085200000, 0x0000000085200000, 0x0000000085300000|  0%| F|  |TAMS 0x0000000085200000, 0x0000000085200000| Untracked 
|  67|0x0000000085300000, 0x0000000085300000, 0x0000000085400000|  0%| F|  |TAMS 0x0000000085300000, 0x0000000085300000| Untracked 
|  68|0x0000000085400000, 0x0000000085400000, 0x0000000085500000|  0%| F|  |TAMS 0x0000000085400000, 0x0000000085400000| Untracked 
|  69|0x0000000085500000, 0x0000000085500000, 0x0000000085600000|  0%| F|  |TAMS 0x0000000085500000, 0x0000000085500000| Untracked 
|  70|0x0000000085600000, 0x0000000085600000, 0x0000000085700000|  0%| F|  |TAMS 0x0000000085600000, 0x0000000085600000| Untracked 
|  71|0x0000000085700000, 0x0000000085700000, 0x0000000085800000|  0%| F|  |TAMS 0x0000000085700000, 0x0000000085700000| Untracked 
|  72|0x0000000085800000, 0x0000000085800000, 0x0000000085900000|  0%| F|  |TAMS 0x0000000085800000, 0x0000000085800000| Untracked 
|  73|0x0000000085900000, 0x0000000085900000, 0x0000000085a00000|  0%| F|  |TAMS 0x0000000085900000, 0x0000000085900000| Untracked 
|  74|0x0000000085a00000, 0x0000000085a00000, 0x0000000085b00000|  0%| F|  |TAMS 0x0000000085a00000, 0x0000000085a00000| Untracked 
|  75|0x0000000085b00000, 0x0000000085b00000, 0x0000000085c00000|  0%| F|  |TAMS 0x0000000085b00000, 0x0000000085b00000| Untracked 
|  76|0x0000000085c00000, 0x0000000085c00000, 0x0000000085d00000|  0%| F|  |TAMS 0x0000000085c00000, 0x0000000085c00000| Untracked 
|  77|0x0000000085d00000, 0x0000000085d00000, 0x0000000085e00000|  0%| F|  |TAMS 0x0000000085d00000, 0x0000000085d00000| Untracked 
|  78|0x0000000085e00000, 0x0000000085e00000, 0x0000000085f00000|  0%| F|  |TAMS 0x0000000085e00000, 0x0000000085e00000| Untracked 
|  79|0x0000000085f00000, 0x0000000085f00000, 0x0000000086000000|  0%| F|  |TAMS 0x0000000085f00000, 0x0000000085f00000| Untracked 
|  80|0x0000000086000000, 0x0000000086000000, 0x0000000086100000|  0%| F|  |TAMS 0x0000000086000000, 0x0000000086000000| Untracked 
|  81|0x0000000086100000, 0x0000000086100000, 0x0000000086200000|  0%| F|  |TAMS 0x0000000086100000, 0x0000000086100000| Untracked 
|  82|0x0000000086200000, 0x0000000086200000, 0x0000000086300000|  0%| F|  |TAMS 0x0000000086200000, 0x0000000086200000| Untracked 
|  83|0x0000000086300000, 0x0000000086300000, 0x0000000086400000|  0%| F|  |TAMS 0x0000000086300000, 0x0000000086300000| Untracked 
|  84|0x0000000086400000, 0x0000000086400000, 0x0000000086500000|  0%| F|  |TAMS 0x0000000086400000, 0x0000000086400000| Untracked 
|  85|0x0000000086500000, 0x0000000086500000, 0x0000000086600000|  0%| F|  |TAMS 0x0000000086500000, 0x0000000086500000| Untracked 
|  86|0x0000000086600000, 0x0000000086600000, 0x0000000086700000|  0%| F|  |TAMS 0x0000000086600000, 0x0000000086600000| Untracked 
|  87|0x0000000086700000, 0x0000000086700000, 0x0000000086800000|  0%| F|  |TAMS 0x0000000086700000, 0x0000000086700000| Untracked 
|  88|0x0000000086800000, 0x0000000086800000, 0x0000000086900000|  0%| F|  |TAMS 0x0000000086800000, 0x0000000086800000| Untracked 
|  89|0x0000000086900000, 0x0000000086900000, 0x0000000086a00000|  0%| F|  |TAMS 0x0000000086900000, 0x0000000086900000| Untracked 
|  90|0x0000000086a00000, 0x0000000086a00000, 0x0000000086b00000|  0%| F|  |TAMS 0x0000000086a00000, 0x0000000086a00000| Untracked 
|  91|0x0000000086b00000, 0x0000000086b00000, 0x0000000086c00000|  0%| F|  |TAMS 0x0000000086b00000, 0x0000000086b00000| Untracked 
|  92|0x0000000086c00000, 0x0000000086c00000, 0x0000000086d00000|  0%| F|  |TAMS 0x0000000086c00000, 0x0000000086c00000| Untracked 
|  93|0x0000000086d00000, 0x0000000086d00000, 0x0000000086e00000|  0%| F|  |TAMS 0x0000000086d00000, 0x0000000086d00000| Untracked 
|  94|0x0000000086e00000, 0x0000000086e00000, 0x0000000086f00000|  0%| F|  |TAMS 0x0000000086e00000, 0x0000000086e00000| Untracked 
|  95|0x0000000086f00000, 0x0000000086f00000, 0x0000000087000000|  0%| F|  |TAMS 0x0000000086f00000, 0x0000000086f00000| Untracked 
|  96|0x0000000087000000, 0x0000000087000000, 0x0000000087100000|  0%| F|  |TAMS 0x0000000087000000, 0x0000000087000000| Untracked 
|  97|0x0000000087100000, 0x0000000087100000, 0x0000000087200000|  0%| F|  |TAMS 0x0000000087100000, 0x0000000087100000| Untracked 
|  98|0x0000000087200000, 0x0000000087200000, 0x0000000087300000|  0%| F|  |TAMS 0x0000000087200000, 0x0000000087200000| Untracked 
|  99|0x0000000087300000, 0x0000000087300000, 0x0000000087400000|  0%| F|  |TAMS 0x0000000087300000, 0x0000000087300000| Untracked 
| 100|0x0000000087400000, 0x0000000087400000, 0x0000000087500000|  0%| F|  |TAMS 0x0000000087400000, 0x0000000087400000| Untracked 
| 101|0x0000000087500000, 0x0000000087500000, 0x0000000087600000|  0%| F|  |TAMS 0x0000000087500000, 0x0000000087500000| Untracked 
| 102|0x0000000087600000, 0x0000000087600000, 0x0000000087700000|  0%| F|  |TAMS 0x0000000087600000, 0x0000000087600000| Untracked 
| 103|0x0000000087700000, 0x0000000087700000, 0x0000000087800000|  0%| F|  |TAMS 0x0000000087700000, 0x0000000087700000| Untracked 
| 104|0x0000000087800000, 0x0000000087800000, 0x0000000087900000|  0%| F|  |TAMS 0x0000000087800000, 0x0000000087800000| Untracked 
| 105|0x0000000087900000, 0x0000000087900000, 0x0000000087a00000|  0%| F|  |TAMS 0x0000000087900000, 0x0000000087900000| Untracked 
| 106|0x0000000087a00000, 0x0000000087a00000, 0x0000000087b00000|  0%| F|  |TAMS 0x0000000087a00000, 0x0000000087a00000| Untracked 
| 107|0x0000000087b00000, 0x0000000087b00000, 0x0000000087c00000|  0%| F|  |TAMS 0x0000000087b00000, 0x0000000087b00000| Untracked 
| 108|0x0000000087c00000, 0x0000000087c00000, 0x0000000087d00000|  0%| F|  |TAMS 0x0000000087c00000, 0x0000000087c00000| Untracked 
| 109|0x0000000087d00000, 0x0000000087d00000, 0x0000000087e00000|  0%| F|  |TAMS 0x0000000087d00000, 0x0000000087d00000| Untracked 
| 110|0x0000000087e00000, 0x0000000087e00000, 0x0000000087f00000|  0%| F|  |TAMS 0x0000000087e00000, 0x0000000087e00000| Untracked 
| 111|0x0000000087f00000, 0x0000000087f00000, 0x0000000088000000|  0%| F|  |TAMS 0x0000000087f00000, 0x0000000087f00000| Untracked 
| 112|0x0000000088000000, 0x0000000088000000, 0x0000000088100000|  0%| F|  |TAMS 0x0000000088000000, 0x0000000088000000| Untracked 
| 113|0x0000000088100000, 0x0000000088100000, 0x0000000088200000|  0%| F|  |TAMS 0x0000000088100000, 0x0000000088100000| Untracked 
| 114|0x0000000088200000, 0x0000000088200000, 0x0000000088300000|  0%| F|  |TAMS 0x0000000088200000, 0x0000000088200000| Untracked 
| 115|0x0000000088300000, 0x0000000088300000, 0x0000000088400000|  0%| F|  |TAMS 0x0000000088300000, 0x0000000088300000| Untracked 
| 116|0x0000000088400000, 0x0000000088400000, 0x0000000088500000|  0%| F|  |TAMS 0x0000000088400000, 0x0000000088400000| Untracked 
| 117|0x0000000088500000, 0x0000000088500000, 0x0000000088600000|  0%| F|  |TAMS 0x0000000088500000, 0x0000000088500000| Untracked 
| 118|0x0000000088600000, 0x0000000088600000, 0x0000000088700000|  0%| F|  |TAMS 0x0000000088600000, 0x0000000088600000| Untracked 
| 119|0x0000000088700000, 0x0000000088700000, 0x0000000088800000|  0%| F|  |TAMS 0x0000000088700000, 0x0000000088700000| Untracked 
| 120|0x0000000088800000, 0x0000000088800000, 0x0000000088900000|  0%| F|  |TAMS 0x0000000088800000, 0x0000000088800000| Untracked 
| 121|0x0000000088900000, 0x0000000088985f58, 0x0000000088a00000| 52%| S|CS|TAMS 0x0000000088900000, 0x0000000088900000| Complete 
| 122|0x0000000088a00000, 0x0000000088b00000, 0x0000000088b00000|100%| S|CS|TAMS 0x0000000088a00000, 0x0000000088a00000| Complete 
| 123|0x0000000088b00000, 0x0000000088c00000, 0x0000000088c00000|100%| S|CS|TAMS 0x0000000088b00000, 0x0000000088b00000| Complete 
| 124|0x0000000088c00000, 0x0000000088c00000, 0x0000000088d00000|  0%| F|  |TAMS 0x0000000088c00000, 0x0000000088c00000| Untracked 
| 125|0x0000000088d00000, 0x0000000088e00000, 0x0000000088e00000|100%| E|  |TAMS 0x0000000088d00000, 0x0000000088d00000| Complete 
| 126|0x0000000088e00000, 0x0000000088f00000, 0x0000000088f00000|100%| E|  |TAMS 0x0000000088e00000, 0x0000000088e00000| Complete 
| 127|0x0000000088f00000, 0x0000000089000000, 0x0000000089000000|100%| E|CS|TAMS 0x0000000088f00000, 0x0000000088f00000| Complete 

Card table byte_map: [0x000002404af90000,0x000002404b390000] _byte_map_base: 0x000002404ab88000

Marking Bits (Prev, Next): (CMBitMap*) 0x00000240319b4120, (CMBitMap*) 0x00000240319b40e8
 Prev Bits: [0x000002404d750000, 0x000002404f710000)
 Next Bits: [0x000002404b790000, 0x000002404d750000)

Polling page: 0x0000024031a60000

Metaspace:

Usage:
  Non-class:     19.65 MB capacity,    19.40 MB ( 99%) used,   196.25 KB ( <1%) free+waste,    58.44 KB ( <1%) overhead. 
      Class:      2.64 MB capacity,     2.40 MB ( 91%) used,   211.80 KB (  8%) free+waste,    30.19 KB (  1%) overhead. 
       Both:     22.29 MB capacity,    21.80 MB ( 98%) used,   408.05 KB (  2%) free+waste,    88.63 KB ( <1%) overhead. 

Virtual space:
  Non-class space:       20.00 MB reserved,      19.75 MB ( 99%) committed 
      Class space:        1.00 GB reserved,       2.75 MB ( <1%) committed 
             Both:        1.02 GB reserved,      22.50 MB (  2%) committed 

Chunk freelists:
   Non-Class:  5.00 KB
       Class:  2.25 KB
        Both:  7.25 KB

CodeHeap 'non-profiled nmethods': size=120064Kb used=480Kb max_used=480Kb free=119583Kb
 bounds [0x0000024043030000, 0x00000240432a0000, 0x000002404a570000]
CodeHeap 'profiled nmethods': size=120000Kb used=2773Kb max_used=2773Kb free=117227Kb
 bounds [0x000002403bb00000, 0x000002403bdc0000, 0x0000024043030000]
CodeHeap 'non-nmethods': size=5696Kb used=1264Kb max_used=1278Kb free=4431Kb
 bounds [0x000002403b570000, 0x000002403b7e0000, 0x000002403bb00000]
 total_blobs=2178 nmethods=1514 adapters=576
 compilation: enabled
              stopped_count=0, restarted_count=0
 full_count=0

Compilation events (10 events):
Event: 2.067 Thread 0x0000024051d74000 nmethod 1505 0x000002403bdb4190 code [0x000002403bdb4320, 0x000002403bdb4478]
Event: 2.067 Thread 0x0000024051d74000 1506       1       java.awt.image.Raster::getDataBuffer (5 bytes)
Event: 2.067 Thread 0x0000024051d74000 nmethod 1506 0x00000240430a6c90 code [0x00000240430a6e20, 0x00000240430a6f38]
Event: 2.081 Thread 0x0000024051d6b800 nmethod 1507 0x00000240430a6f90 code [0x00000240430a7140, 0x00000240430a7d28]
Event: 2.132 Thread 0x0000024051d74000 1512       3       java.io.Bits::getInt (43 bytes)
Event: 2.132 Thread 0x0000024051d74000 nmethod 1512 0x000002403bdb4510 code [0x000002403bdb46c0, 0x000002403bdb48b8]
Event: 2.132 Thread 0x0000024051d74000 1514       3       java.io.ObjectInputStream$BlockDataInputStream::readInt (73 bytes)
Event: 2.132 Thread 0x0000024051d74000 nmethod 1514 0x000002403bdb4a10 code [0x000002403bdb4be0, 0x000002403bdb4ed0]
Event: 2.132 Thread 0x0000024051d74000 1513       3       java.io.ObjectInputStream::readInt (8 bytes)
Event: 2.132 Thread 0x0000024051d74000 nmethod 1513 0x000002403bdb5010 code [0x000002403bdb51c0, 0x000002403bdb5350]

GC Heap History (4 events):
Event: 1.696 GC heap before
{Heap before GC invocations=0 (full 0):
 garbage-first heap   total 131072K, used 16384K [0x0000000081000000, 0x0000000100000000)
  region size 1024K, 14 young (14336K), 0 survivors (0K)
 Metaspace       used 19931K, capacity 20445K, committed 20608K, reserved 1067008K
  class space    used 2201K, capacity 2420K, committed 2432K, reserved 1048576K
}
Event: 1.703 GC heap after
{Heap after GC invocations=1 (full 0):
 garbage-first heap   total 131072K, used 5742K [0x0000000081000000, 0x0000000100000000)
  region size 1024K, 2 young (2048K), 2 survivors (2048K)
 Metaspace       used 19931K, capacity 20445K, committed 20608K, reserved 1067008K
  class space    used 2201K, capacity 2420K, committed 2432K, reserved 1048576K
}
Event: 1.797 GC heap before
{Heap before GC invocations=1 (full 0):
 garbage-first heap   total 131072K, used 8814K [0x0000000081000000, 0x0000000100000000)
  region size 1024K, 6 young (6144K), 2 survivors (2048K)
 Metaspace       used 20719K, capacity 21177K, committed 21248K, reserved 1069056K
  class space    used 2275K, capacity 2493K, committed 2560K, reserved 1048576K
}
Event: 1.804 GC heap after
{Heap after GC invocations=2 (full 0):
 garbage-first heap   total 131072K, used 6278K [0x0000000081000000, 0x0000000100000000)
  region size 1024K, 3 young (3072K), 3 survivors (3072K)
 Metaspace       used 20719K, capacity 21177K, committed 21248K, reserved 1069056K
  class space    used 2275K, capacity 2493K, committed 2560K, reserved 1048576K
}

Deoptimization events (10 events):
Event: 1.682 Thread 0x00000240548bb000 Uncommon trap: reason=unstable_if action=reinterpret pc=0x000002404305f300 method=java.lang.AbstractStringBuilder.append(Ljava/lang/String;)Ljava/lang/AbstractStringBuilder; @ 1 c2
Event: 1.712 Thread 0x00000240548bb000 Uncommon trap: reason=unstable_if action=reinterpret pc=0x000002404307e2e8 method=java.lang.ref.ReferenceQueue.poll()Ljava/lang/ref/Reference; @ 4 c2
Event: 1.712 Thread 0x00000240548bb000 Uncommon trap: reason=unstable_if action=reinterpret pc=0x000002404308a1f8 method=java.lang.ref.ReferenceQueue.poll()Ljava/lang/ref/Reference; @ 4 c2
Event: 1.717 Thread 0x00000240548bb000 Uncommon trap: reason=unstable_if action=reinterpret pc=0x000002404306d26c method=java.lang.StringLatin1.canEncode(I)Z @ 4 c2
Event: 1.717 Thread 0x00000240548bb000 Uncommon trap: reason=unstable_if action=reinterpret pc=0x00000240430487f8 method=java.lang.AbstractStringBuilder.isLatin1()Z @ 10 c2
Event: 1.821 Thread 0x0000024053b1e000 Uncommon trap: reason=unstable_if action=reinterpret pc=0x000002404307c170 method=java.lang.ref.ReferenceQueue.poll()Ljava/lang/ref/Reference; @ 4 c2
Event: 1.925 Thread 0x0000024053b1e000 Uncommon trap: reason=class_check action=maybe_recompile pc=0x000002404303dce8 method=java.lang.String.equals(Ljava/lang/Object;)Z @ 8 c2
Event: 1.929 Thread 0x0000024053b1e000 Uncommon trap: reason=class_check action=maybe_recompile pc=0x000002404303dce8 method=java.lang.String.equals(Ljava/lang/Object;)Z @ 8 c2
Event: 1.930 Thread 0x0000024053b1e000 Uncommon trap: reason=class_check action=maybe_recompile pc=0x000002404303dce8 method=java.lang.String.equals(Ljava/lang/Object;)Z @ 8 c2
Event: 1.931 Thread 0x0000024053b1e000 Uncommon trap: reason=class_check action=maybe_recompile pc=0x000002404303dce8 method=java.lang.String.equals(Ljava/lang/Object;)Z @ 8 c2

Classes redefined (0 events):
No events

Internal exceptions (10 events):
Event: 1.581 Thread 0x0000024031977800 Exception <a 'java/lang/ClassNotFoundException'{0x00000000883221a0}: TreeCell> (0x00000000883221a0) thrown at [./open/src/hotspot/share/classfile/systemDictionary.cpp, line 228]
Event: 1.582 Thread 0x0000024031977800 Exception <a 'java/lang/ClassNotFoundException'{0x0000000088322970}: RootPane> (0x0000000088322970) thrown at [./open/src/hotspot/share/classfile/systemDictionary.cpp, line 228]
Event: 1.582 Thread 0x0000024031977800 Implicit null exception at 0x000002404305b458 to 0x000002404305b4ea
Event: 1.584 Thread 0x0000024031977800 Exception <a 'java/lang/ClassNotFoundException'{0x0000000088325820}: com/sun/swing/internal/plaf/metal/resources/spi/metalProvider> (0x0000000088325820) thrown at [./open/src/hotspot/share/classfile/systemDictionary.cpp, line 228]
Event: 1.585 Thread 0x0000024031977800 Exception <a 'java/lang/ClassNotFoundException'{0x0000000088329ae8}: com/sun/swing/internal/plaf/basic/resources/spi/basicProvider> (0x0000000088329ae8) thrown at [./open/src/hotspot/share/classfile/systemDictionary.cpp, line 228]
Event: 1.608 Thread 0x0000024053b1e000 Exception <a 'java/lang/ClassNotFoundException'{0x000000008839f220}: com/sun/swing/internal/plaf/synth/resources/spi/synthProvider> (0x000000008839f220) thrown at [./open/src/hotspot/share/classfile/systemDictionary.cpp, line 228]
Event: 1.682 Thread 0x00000240548bb000 Implicit null exception at 0x000002404305fb74 to 0x0000024043060092
Event: 1.682 Thread 0x00000240548bb000 Implicit null exception at 0x000002404305edf4 to 0x000002404305f2e6
Event: 1.822 Thread 0x0000024053b1e000 Exception <a 'java/lang/NoSuchMethodError'{0x0000000088f1a580}: java.lang.invoke.DirectMethodHandle$Holder.invokeStaticInit(Ljava/lang/Object;)V> (0x0000000088f1a580) thrown at [./open/src/hotspot/share/interpreter/linkResolver.cpp, line 772]
Event: 1.832 Thread 0x0000024053b1e000 Exception <a 'java/lang/NoSuchMethodError'{0x0000000088fd5d58}: java.lang.invoke.Invokers$Holder.linkToTargetMethod(Ljava/lang/Object;ILjava/lang/Object;)Ljava/lang/Object;> (0x0000000088fd5d58) thrown at [./open/src/hotspot/share/interpreter/linkResolver

Events (10 events):
Event: 2.107 Executing VM operation: GetAllStackTraces
Event: 2.107 Executing VM operation: GetAllStackTraces done
Event: 2.107 loading class org/netbeans/lib/profiler/wireprotocol/EventBufferDumpedCommand
Event: 2.114 loading class org/netbeans/lib/profiler/wireprotocol/EventBufferDumpedCommand done
Event: 2.122 Executing VM operation: GetAllStackTraces
Event: 2.123 Executing VM operation: GetAllStackTraces done
Event: 2.124 loading class org/netbeans/lib/profiler/wireprotocol/DumpResultsResponse
Event: 2.125 loading class org/netbeans/lib/profiler/wireprotocol/DumpResultsResponse done
Event: 2.131 loading class org/netbeans/lib/profiler/wireprotocol/GetMethodNamesForJMethodIdsCommand
Event: 2.131 loading class org/netbeans/lib/profiler/wireprotocol/GetMethodNamesForJMethodIdsCommand done


Dynamic libraries:
0x00007ff78b6d0000 - 0x00007ff78b6df000 	C:\Program Files\Java\jdk-11.0.8\bin\java.exe
0x00007ff9c7ad0000 - 0x00007ff9c7cc6000 	C:\Windows\SYSTEM32\ntdll.dll
0x00007ff9c6e60000 - 0x00007ff9c6f1d000 	C:\Windows\System32\KERNEL32.DLL
0x00007ff9c55c0000 - 0x00007ff9c5888000 	C:\Windows\System32\KERNELBASE.dll
0x00007ff9c52c0000 - 0x00007ff9c53c0000 	C:\Windows\System32\ucrtbase.dll
0x00007ff9ac460000 - 0x00007ff9ac478000 	C:\Program Files\Java\jdk-11.0.8\bin\jli.dll
0x00007ff9adba0000 - 0x00007ff9adbb5000 	C:\Program Files\Java\jdk-11.0.8\bin\VCRUNTIME140.dll
0x00007ff9c7540000 - 0x00007ff9c75ec000 	C:\Windows\System32\ADVAPI32.dll
0x00007ff9c6c10000 - 0x00007ff9c6cae000 	C:\Windows\System32\msvcrt.dll
0x00007ff9c64f0000 - 0x00007ff9c658b000 	C:\Windows\System32\sechost.dll
0x00007ff9c7410000 - 0x00007ff9c7534000 	C:\Windows\System32\RPCRT4.dll
0x00007ff9c6cc0000 - 0x00007ff9c6e60000 	C:\Windows\System32\USER32.dll
0x00007ff9c5210000 - 0x00007ff9c5232000 	C:\Windows\System32\win32u.dll
0x00007ff9c64c0000 - 0x00007ff9c64ea000 	C:\Windows\System32\GDI32.dll
0x00007ff9b4220000 - 0x00007ff9b44bb000 	C:\Windows\WinSxS\amd64_microsoft.windows.common-controls_6595b64144ccf1df_6.0.19041.488_none_ca04af081b815d21\COMCTL32.dll
0x00007ff9c5410000 - 0x00007ff9c5519000 	C:\Windows\System32\gdi32full.dll
0x00007ff9c5520000 - 0x00007ff9c55bd000 	C:\Windows\System32\msvcp_win.dll
0x00007ff9be130000 - 0x00007ff9be13a000 	C:\Windows\SYSTEM32\VERSION.dll
0x00007ff9c6490000 - 0x00007ff9c64c0000 	C:\Windows\System32\IMM32.DLL
0x00007ff9aac30000 - 0x00007ff9aaccb000 	C:\Program Files\Java\jdk-11.0.8\bin\msvcp140.dll
0x00007ff9805c0000 - 0x00007ff9810a6000 	C:\Program Files\Java\jdk-11.0.8\bin\server\jvm.dll
0x00007ff9c7700000 - 0x00007ff9c7708000 	C:\Windows\System32\PSAPI.DLL
0x00007ff9b7a80000 - 0x00007ff9b7aa7000 	C:\Windows\SYSTEM32\WINMM.dll
0x00007ff9bede0000 - 0x00007ff9bede9000 	C:\Windows\SYSTEM32\WSOCK32.dll
0x00007ff9c6f20000 - 0x00007ff9c6f8b000 	C:\Windows\System32\WS2_32.dll
0x00007ff9c3160000 - 0x00007ff9c3172000 	C:\Windows\SYSTEM32\kernel.appcore.dll
0x00007ff9b7a70000 - 0x00007ff9b7a80000 	C:\Program Files\Java\jdk-11.0.8\bin\verify.dll
0x00007ff9ae8a0000 - 0x00007ff9aea84000 	C:\Windows\SYSTEM32\DBGHELP.DLL
0x00007ff9ae810000 - 0x00007ff9ae83c000 	C:\Windows\SYSTEM32\dbgcore.DLL
0x00007ff9c5240000 - 0x00007ff9c52bf000 	C:\Windows\System32\bcryptPrimitives.dll
0x00007ff9ad8d0000 - 0x00007ff9ad8f8000 	C:\Program Files\Java\jdk-11.0.8\bin\java.dll
0x00007ff9aefa0000 - 0x00007ff9aefaa000 	C:\Program Files\Java\jdk-11.0.8\bin\jimage.dll
0x00007ff9c0560000 - 0x00007ff9c056f000 	C:\Program Files\NetBeans-12.1\netbeans\profiler\lib\deployed\jdk16\windows-amd64\profilerinterface.dll
0x00007ff9ace40000 - 0x00007ff9ace56000 	C:\Program Files\Java\jdk-11.0.8\bin\zip.dll
0x00007ff9c5d40000 - 0x00007ff9c6481000 	C:\Windows\System32\SHELL32.dll
0x00007ff9c3360000 - 0x00007ff9c3af5000 	C:\Windows\SYSTEM32\windows.storage.dll
0x00007ff9c7730000 - 0x00007ff9c7a85000 	C:\Windows\System32\combase.dll
0x00007ff9c4c80000 - 0x00007ff9c4cac000 	C:\Windows\SYSTEM32\Wldp.dll
0x00007ff9c7650000 - 0x00007ff9c76fe000 	C:\Windows\System32\SHCORE.dll
0x00007ff9c75f0000 - 0x00007ff9c7645000 	C:\Windows\System32\shlwapi.dll
0x00007ff9c5140000 - 0x00007ff9c5166000 	C:\Windows\SYSTEM32\profapi.dll
0x00007ff9ace20000 - 0x00007ff9ace39000 	C:\Program Files\Java\jdk-11.0.8\bin\net.dll
0x00007ff9b56a0000 - 0x00007ff9b57a0000 	C:\Windows\SYSTEM32\WINHTTP.dll
0x00007ff9c4a00000 - 0x00007ff9c4a6a000 	C:\Windows\system32\mswsock.dll
0x00007ff9ace00000 - 0x00007ff9ace12000 	C:\Program Files\Java\jdk-11.0.8\bin\nio.dll
0x00007ff9adf10000 - 0x00007ff9adf19000 	C:\Program Files\Java\jdk-11.0.8\bin\management.dll
0x00007ff9adee0000 - 0x00007ff9adeeb000 	C:\Program Files\Java\jdk-11.0.8\bin\management_ext.dll
0x00007ff9c4be0000 - 0x00007ff9c4bf8000 	C:\Windows\SYSTEM32\CRYPTSP.dll
0x00007ff9c4320000 - 0x00007ff9c4354000 	C:\Windows\system32\rsaenh.dll
0x00007ff9c5b00000 - 0x00007ff9c5b27000 	C:\Windows\System32\bcrypt.dll
0x00007ff9c5100000 - 0x00007ff9c512e000 	C:\Windows\SYSTEM32\USERENV.dll
0x00007ff9c4bd0000 - 0x00007ff9c4bdc000 	C:\Windows\SYSTEM32\CRYPTBASE.dll
0x00007ff9c46a0000 - 0x00007ff9c46db000 	C:\Windows\SYSTEM32\IPHLPAPI.DLL
0x00007ff9c6c00000 - 0x00007ff9c6c08000 	C:\Windows\System32\NSI.dll
0x00007ff9bad10000 - 0x00007ff9bad27000 	C:\Windows\SYSTEM32\dhcpcsvc6.DLL
0x00007ff9bc680000 - 0x00007ff9bc69d000 	C:\Windows\SYSTEM32\dhcpcsvc.DLL
0x00007ff9c46f0000 - 0x00007ff9c47bb000 	C:\Windows\SYSTEM32\DNSAPI.dll
0x00007ff98c180000 - 0x00007ff98c31a000 	C:\Program Files\Java\jdk-11.0.8\bin\awt.dll
0x00007ff9c6590000 - 0x00007ff9c665d000 	C:\Windows\System32\OLEAUT32.dll
0x00007ff9c2ad0000 - 0x00007ff9c2b60000 	C:\Windows\SYSTEM32\apphelp.dll
0x00007ff9c2ca0000 - 0x00007ff9c2d3e000 	C:\Windows\system32\uxtheme.dll
0x00007ff9c7180000 - 0x00007ff9c7295000 	C:\Windows\System32\MSCTF.dll
0x00007ff9c7050000 - 0x00007ff9c717a000 	C:\Windows\System32\ole32.dll
0x00007ff9c2e70000 - 0x00007ff9c2e9f000 	C:\Windows\system32\DWMAPI.DLL
0x00007ff9a2c80000 - 0x00007ff9a2d02000 	C:\Program Files\Java\jdk-11.0.8\bin\freetype.dll
0x00007ff98c390000 - 0x00007ff98c436000 	C:\Program Files\Java\jdk-11.0.8\bin\fontmanager.dll
0x00007ff9981e0000 - 0x00007ff998305000 	C:\Windows\system32\opengl32.dll
0x00007ff9981b0000 - 0x00007ff9981dc000 	C:\Windows\SYSTEM32\GLU32.dll
0x00007ff9c6b50000 - 0x00007ff9c6bf9000 	C:\Windows\System32\clbcatq.dll
0x00007ff9bf210000 - 0x00007ff9bf3c4000 	C:\Windows\SYSTEM32\WindowsCodecs.dll
0x00007ff99a460000 - 0x00007ff99a49e000 	C:\Windows\system32\dataexchange.dll
0x00007ff9c1ef0000 - 0x00007ff9c20d5000 	C:\Windows\system32\dcomp.dll
0x00007ff9c1580000 - 0x00007ff9c17e4000 	C:\Windows\system32\d3d11.dll
0x00007ff9c3b60000 - 0x00007ff9c3c53000 	C:\Windows\system32\dxgi.dll
0x00007ff9bf720000 - 0x00007ff9bf928000 	C:\Windows\system32\twinapi.appcore.dll
0x00007ff9b9d70000 - 0x00007ff9b9e6c000 	C:\Windows\SYSTEM32\textinputframework.dll
0x00007ff9c20e0000 - 0x00007ff9c243e000 	C:\Windows\System32\CoreUIComponents.dll
0x00007ff9c27c0000 - 0x00007ff9c28b2000 	C:\Windows\System32\CoreMessaging.dll
0x00007ff9c3f50000 - 0x00007ff9c3f83000 	C:\Windows\SYSTEM32\ntmarta.dll
0x00007ff9c0fc0000 - 0x00007ff9c1116000 	C:\Windows\SYSTEM32\wintypes.dll

dbghelp: loaded successfully - version: 4.0.5 - missing functions: none
symbol engine: initialized successfully - sym options: 0x614 - pdb path: .;C:\Program Files\Java\jdk-11.0.8\bin;C:\Windows\SYSTEM32;C:\Windows\WinSxS\amd64_microsoft.windows.common-controls_6595b64144ccf1df_6.0.19041.488_none_ca04af081b815d21;C:\Program Files\Java\jdk-11.0.8\bin\server;C:\Program Files\NetBeans-12.1\netbeans\profiler\lib\deployed\jdk16\windows-amd64

VM Arguments:
jvm_args: -Dfile.encoding=UTF-8 -agentpath:C:/Program Files/NetBeans-12.1/netbeans/profiler/lib/deployed/jdk16/windows-amd64/profilerinterface.dll=C:\Program Files\NetBeans-12.1\netbeans\profiler\lib,5140,10 -XX:+HeapDumpOnOutOfMemoryError -XX:HeapDumpPath=C:\Users\Kaz\Documents\NetBeansProjects\CasherSystem\nbproject\private\profiler 
java_command: cashersystem.LoginPage
java_class_path (initial): C:\Program Files\NetBeans-12.1\netbeans\java\modules\ext\AbsoluteLayout.jar;C:\Users\Kaz\Documents\NetBeansProjects\CasherSystem\build\classes
Launcher Type: SUN_STANDARD

[Global flags]
     intx CICompilerCount                          = 3                                         {product} {ergonomic}
     uint ConcGCThreads                            = 1                                         {product} {ergonomic}
     uint G1ConcRefinementThreads                  = 4                                         {product} {ergonomic}
   size_t G1HeapRegionSize                         = 1048576                                   {product} {ergonomic}
    uintx GCDrainStackTargetSize                   = 64                                        {product} {ergonomic}
     bool HeapDumpOnOutOfMemoryError               = true                                   {manageable} {command line}
    ccstr HeapDumpPath                             = C:\Users\Kaz\Documents\NetBeansProjects\CasherSystem\nbproject\private\profiler         {manageable} {command line}
   size_t InitialHeapSize                          = 134217728                                 {product} {ergonomic}
   size_t MarkStackSize                            = 4194304                                   {product} {ergonomic}
   size_t MaxHeapSize                              = 2130706432                                {product} {ergonomic}
   size_t MaxNewSize                               = 1278214144                                {product} {ergonomic}
   size_t MinHeapDeltaBytes                        = 1048576                                   {product} {ergonomic}
    uintx NonNMethodCodeHeapSize                   = 5830732                                {pd product} {ergonomic}
    uintx NonProfiledCodeHeapSize                  = 122913754                              {pd product} {ergonomic}
    uintx ProfiledCodeHeapSize                     = 122913754                              {pd product} {ergonomic}
    uintx ReservedCodeCacheSize                    = 251658240                              {pd product} {ergonomic}
     bool SegmentedCodeCache                       = true                                      {product} {ergonomic}
     bool UseCompressedClassPointers               = true                                 {lp64_product} {ergonomic}
     bool UseCompressedOops                        = true                                 {lp64_product} {ergonomic}
     bool UseG1GC                                  = true                                      {product} {ergonomic}
     bool UseLargePagesIndividualAllocation        = false                                  {pd product} {ergonomic}

Logging:
Log output configuration:
 #0: stdout all=warning uptime,level,tags
 #1: stderr all=off uptime,level,tags

Environment Variables:
PATH=C:\Program Files\Common Files\Oracle\Java\javapath;C:\Windows\system32;C:\Windows;C:\Windows\System32\Wbem;C:\Windows\System32\WindowsPowerShell\v1.0\;C:\Windows\System32\OpenSSH\;C:\Program Files (x86)\NVIDIA Corporation\PhysX\Common;C:\Users\Kaz\AppData\Local\Microsoft\WindowsApps;
USERNAME=Kaz
OS=Windows_NT
PROCESSOR_IDENTIFIER=Intel64 Family 6 Model 69 Stepping 1, GenuineIntel



---------------  S Y S T E M  ---------------

OS: Windows 10 , 64 bit Build 19041 (10.0.19041.546)

CPU:total 4 (initial active 4) (2 cores per cpu, 2 threads per core) family 6 model 69 stepping 1, cmov, cx8, fxsr, mmx, sse, sse2, sse3, ssse3, sse4.1, sse4.2, popcnt, avx, avx2, aes, clmul, erms, lzcnt, ht, tsc, tscinvbit, bmi1, bmi2, fma

Memory: 4k page, system-wide physical 8122M (3306M free)
TotalPageFile size 9402M (AvailPageFile size 3004M)
current process WorkingSet (physical memory assigned to process): 110M, peak: 110M
current process commit charge ("private bytes"): 246M, peak: 249M

vm_info: Java HotSpot(TM) 64-Bit Server VM (11.0.8+10-LTS) for windows-amd64 JRE (11.0.8+10-LTS), built on Jun 16 2020 05:53:08 by "mach5one" with unknown MS VC++:1916

END.
